\BOOKMARK [0][-]{chapter.1}{Acknowledgement}{}% 1
\BOOKMARK [0][-]{chapter.2}{Contributors}{}% 2
\BOOKMARK [1][-]{section.2.1}{Mentors}{chapter.2}% 3
\BOOKMARK [0][-]{chapter.3}{Declaration}{}% 4
\BOOKMARK [0][-]{chapter.4}{Introduction}{}% 5
\BOOKMARK [1][-]{section.4.1}{Documentation Purpose}{chapter.4}% 6
\BOOKMARK [1][-]{section.4.2}{Project Scope}{chapter.4}% 7
\BOOKMARK [1][-]{section.4.3}{Intended Audience and Document Overview}{chapter.4}% 8
\BOOKMARK [1][-]{section.4.4}{Definitions, Acronyms and Abbreviations}{chapter.4}% 9
\BOOKMARK [1][-]{section.4.5}{Document Conventions}{chapter.4}% 10
\BOOKMARK [1][-]{section.4.6}{References}{chapter.4}% 11
\BOOKMARK [0][-]{chapter.5}{List of Diagrams}{}% 12
\BOOKMARK [0][-]{chapter.6}{Product Perspective}{}% 13
\BOOKMARK [1][-]{section.6.1}{User Characteristics}{chapter.6}% 14
\BOOKMARK [1][-]{section.6.2}{Operating Environment}{chapter.6}% 15
\BOOKMARK [1][-]{section.6.3}{Dependencies}{chapter.6}% 16
\BOOKMARK [1][-]{section.6.4}{Design and Implementation constraints}{chapter.6}% 17
\BOOKMARK [1][-]{section.6.5}{Specific Requirements}{chapter.6}% 18
\BOOKMARK [0][-]{chapter.7}{Functional Requirements}{}% 19
\BOOKMARK [1][-]{section.7.1}{Major functions of the Discussion Forums}{chapter.7}% 20
\BOOKMARK [1][-]{section.7.2}{Major functions of the Login and Registration System}{chapter.7}% 21
\BOOKMARK [1][-]{section.7.3}{Major functions of the Ticketing System}{chapter.7}% 22
\BOOKMARK [1][-]{section.7.4}{FAQs \(frequently asked questions\)}{chapter.7}% 23
\BOOKMARK [0][-]{chapter.8}{Behavioral Requirements}{}% 24
\BOOKMARK [0][-]{chapter.9}{Non Functional Requirements}{}% 25
\BOOKMARK [1][-]{section.9.1}{Performance Requirements}{chapter.9}% 26
\BOOKMARK [1][-]{section.9.2}{Software Quality Attributes}{chapter.9}% 27
\BOOKMARK [0][-]{chapter.10}{Diagrammatic Descriptions}{}% 28
\BOOKMARK [1][-]{section.10.1}{Data Flow Diagrams for Aakash Tech Support Portal}{chapter.10}% 29
\BOOKMARK [1][-]{section.10.2}{Sequence Diagrams}{chapter.10}% 30
\BOOKMARK [1][-]{section.10.3}{Flow Chart for Reporting a Problem}{chapter.10}% 31
\BOOKMARK [1][-]{section.10.4}{Entity relationship diagram}{chapter.10}% 32
\BOOKMARK [0][-]{chapter.11}{Conclusion}{}% 33
\BOOKMARK [0][-]{chapter.12}{Indices and tables}{}% 34
